#
# A fatal error has been detected by the Java Runtime Environment:
#
#  EXCEPTION_ACCESS_VIOLATION (0xc0000005) at pc=0x7c91100b, pid=1892, tid=1020
#
# JRE version: 6.0_20-b02
# Java VM: Java HotSpot(TM) Client VM (16.3-b01 mixed mode windows-x86 )
# Problematic frame:
# C  [ntdll.dll+0x100b]
#
# If you would like to submit a bug report, please visit:
#   http://java.sun.com/webapps/bugreport/crash.jsp
# The crash happened outside the Java Virtual Machine in native code.
# See problematic frame for where to report the bug.
#

---------------  T H R E A D  ---------------

Current thread (0x16f78000):  JavaThread "AWT-EventQueue-0" [_thread_in_native, id=1020, stack(0x171b0000,0x17200000)]

siginfo: ExceptionCode=0xc0000005, reading address 0x00000018

Registers:
EAX=0x00000004, EBX=0x13356b08, ECX=0x7ffad000, EDX=0x00000004
ESP=0x171ff0c8, EBP=0x171ff0e0, ESI=0x00000000, EDI=0x17841590
EIP=0x7c91100b, EFLAGS=0x00010246

Top of Stack: (sp=0x171ff0c8)
0x171ff0c8:   7461622a 00000004 178415b4 745e139f
0x171ff0d8:   178415b4 17841590 171ff0f0 745e2e6d
0x171ff0e8:   178415b4 16f78110 171ff104 745e5a1b
0x171ff0f8:   17841590 74610000 171ffa58 171ff120
0x171ff108:   745e6e8e 17841590 171ff140 00000003
0x171ff118:   16b01ff8 16f78110 171ff138 6d37124e
0x171ff128:   17841590 171ff140 16f78000 13356b08
0x171ff138:   171ff178 00aa9f47 00000000 171ff194 

Instructions: (pc=0x7c91100b)
0x7c910ffb:   00 00 00 00 00 64 8b 0d 18 00 00 00 8b 54 24 04
0x7c91100b:   83 7a 14 00 75 4f f0 ff 42 04 75 19 8b 41 24 89 


Stack: [0x171b0000,0x17200000],  sp=0x171ff0c8,  free space=13c171febfck
Native frames: (J=compiled Java code, j=interpreted, Vv=VM code, C=native code)
C  [ntdll.dll+0x100b]
C  [ODBC32.dll+0x2e6d]
C  [ODBC32.dll+0x5a1b]
C  [ODBC32.dll+0x6e8e]
C  [JdbcOdbc.dll+0x124e]
j  sun.jdbc.odbc.JdbcOdbc.allocStmt(J[B)J+0
j  sun.jdbc.odbc.JdbcOdbc.SQLAllocStmt(J)J+47
j  sun.jdbc.odbc.JdbcOdbcConnection.createStatement(II)Ljava/sql/Statement;+27
j  sun.jdbc.odbc.JdbcOdbcConnection.createStatement()Ljava/sql/Statement;+7
j  vis2006.Vis2006.setAbtNeu()V+16
j  vis2006.Vis2006.jComboBox2ActionPerformed(Ljava/awt/event/ActionEvent;)V+29
j  vis2006.Vis2006.access$1000(Lvis2006/Vis2006;Ljava/awt/event/ActionEvent;)V+2
j  vis2006.Vis2006$10.actionPerformed(Ljava/awt/event/ActionEvent;)V+5
j  javax.swing.JComboBox.fireActionEvent()V+127
j  javax.swing.JComboBox.setSelectedItem(Ljava/lang/Object;)V+134
j  javax.swing.JComboBox.setSelectedIndex(I)V+76
j  javax.swing.plaf.basic.BasicComboPopup$Handler.mouseReleased(Ljava/awt/event/MouseEvent;)V+97
j  java.awt.AWTEventMulticaster.mouseReleased(Ljava/awt/event/MouseEvent;)V+21
j  java.awt.Component.processMouseEvent(Ljava/awt/event/MouseEvent;)V+64
j  javax.swing.JComponent.processMouseEvent(Ljava/awt/event/MouseEvent;)V+23
j  javax.swing.plaf.basic.BasicComboPopup$1.processMouseEvent(Ljava/awt/event/MouseEvent;)V+70
J  java.awt.Component.processEvent(Ljava/awt/AWTEvent;)V
J  java.awt.Container.processEvent(Ljava/awt/AWTEvent;)V
J  java.awt.Component.dispatchEventImpl(Ljava/awt/AWTEvent;)V
J  java.awt.Container.dispatchEventImpl(Ljava/awt/AWTEvent;)V
J  java.awt.LightweightDispatcher.retargetMouseEvent(Ljava/awt/Component;ILjava/awt/event/MouseEvent;)V
J  java.awt.LightweightDispatcher.processMouseEvent(Ljava/awt/event/MouseEvent;)Z
J  java.awt.LightweightDispatcher.dispatchEvent(Ljava/awt/AWTEvent;)Z
J  java.awt.Container.dispatchEventImpl(Ljava/awt/AWTEvent;)V
J  java.awt.Window.dispatchEventImpl(Ljava/awt/AWTEvent;)V
J  java.awt.EventQueue.dispatchEvent(Ljava/awt/AWTEvent;)V
J  java.awt.EventDispatchThread.pumpOneEventForFilters(I)Z
j  java.awt.EventDispatchThread.pumpEventsForFilter(ILjava/awt/Conditional;Ljava/awt/EventFilter;)V+30
j  java.awt.EventDispatchThread.pumpEventsForHierarchy(ILjava/awt/Conditional;Ljava/awt/Component;)V+11
j  java.awt.EventDispatchThread.pumpEvents(ILjava/awt/Conditional;)V+4
j  java.awt.EventDispatchThread.pumpEvents(Ljava/awt/Conditional;)V+3
j  java.awt.EventDispatchThread.run()V+9
v  ~StubRoutines::call_stub
V  [jvm.dll+0xf049c]
V  [jvm.dll+0x17fcf1]
V  [jvm.dll+0xf0667]
V  [jvm.dll+0xf06dd]
V  [jvm.dll+0x11a2a0]
V  [jvm.dll+0x1ddb14]
V  [jvm.dll+0x17f96c]
C  [msvcr71.dll+0x9565]
C  [kernel32.dll+0xb729]

Java frames: (J=compiled Java code, j=interpreted, Vv=VM code)
j  sun.jdbc.odbc.JdbcOdbc.allocStmt(J[B)J+0
j  sun.jdbc.odbc.JdbcOdbc.SQLAllocStmt(J)J+47
j  sun.jdbc.odbc.JdbcOdbcConnection.createStatement(II)Ljava/sql/Statement;+27
j  sun.jdbc.odbc.JdbcOdbcConnection.createStatement()Ljava/sql/Statement;+7
j  vis2006.Vis2006.setAbtNeu()V+16
j  vis2006.Vis2006.jComboBox2ActionPerformed(Ljava/awt/event/ActionEvent;)V+29
j  vis2006.Vis2006.access$1000(Lvis2006/Vis2006;Ljava/awt/event/ActionEvent;)V+2
j  vis2006.Vis2006$10.actionPerformed(Ljava/awt/event/ActionEvent;)V+5
j  javax.swing.JComboBox.fireActionEvent()V+127
j  javax.swing.JComboBox.setSelectedItem(Ljava/lang/Object;)V+134
j  javax.swing.JComboBox.setSelectedIndex(I)V+76
j  javax.swing.plaf.basic.BasicComboPopup$Handler.mouseReleased(Ljava/awt/event/MouseEvent;)V+97
j  java.awt.AWTEventMulticaster.mouseReleased(Ljava/awt/event/MouseEvent;)V+21
j  java.awt.Component.processMouseEvent(Ljava/awt/event/MouseEvent;)V+64
j  javax.swing.JComponent.processMouseEvent(Ljava/awt/event/MouseEvent;)V+23
j  javax.swing.plaf.basic.BasicComboPopup$1.processMouseEvent(Ljava/awt/event/MouseEvent;)V+70
J  java.awt.Component.processEvent(Ljava/awt/AWTEvent;)V
J  java.awt.Container.processEvent(Ljava/awt/AWTEvent;)V
J  java.awt.Component.dispatchEventImpl(Ljava/awt/AWTEvent;)V
J  java.awt.Container.dispatchEventImpl(Ljava/awt/AWTEvent;)V
J  java.awt.LightweightDispatcher.retargetMouseEvent(Ljava/awt/Component;ILjava/awt/event/MouseEvent;)V
J  java.awt.LightweightDispatcher.processMouseEvent(Ljava/awt/event/MouseEvent;)Z
J  java.awt.LightweightDispatcher.dispatchEvent(Ljava/awt/AWTEvent;)Z
J  java.awt.Container.dispatchEventImpl(Ljava/awt/AWTEvent;)V
J  java.awt.Window.dispatchEventImpl(Ljava/awt/AWTEvent;)V
J  java.awt.EventQueue.dispatchEvent(Ljava/awt/AWTEvent;)V
J  java.awt.EventDispatchThread.pumpOneEventForFilters(I)Z
j  java.awt.EventDispatchThread.pumpEventsForFilter(ILjava/awt/Conditional;Ljava/awt/EventFilter;)V+30
j  java.awt.EventDispatchThread.pumpEventsForHierarchy(ILjava/awt/Conditional;Ljava/awt/Component;)V+11
j  java.awt.EventDispatchThread.pumpEvents(ILjava/awt/Conditional;)V+4
j  java.awt.EventDispatchThread.pumpEvents(Ljava/awt/Conditional;)V+3
j  java.awt.EventDispatchThread.run()V+9
v  ~StubRoutines::call_stub

---------------  P R O C E S S  ---------------

Java Threads: ( => current thread )
  0x16af9800 JavaThread "Swing-Shell" daemon [_thread_blocked, id=3700, stack(0x178e0000,0x17930000)]
  0x16aadc00 JavaThread "TimerQueue" daemon [_thread_blocked, id=2080, stack(0x177f0000,0x17840000)]
  0x003f6800 JavaThread "DestroyJavaVM" [_thread_blocked, id=3600, stack(0x00a20000,0x00a70000)]
=>0x16f78000 JavaThread "AWT-EventQueue-0" [_thread_in_native, id=1020, stack(0x171b0000,0x17200000)]
  0x16f78c00 JavaThread "AWT-Windows" daemon [_thread_in_native, id=3256, stack(0x17120000,0x17170000)]
  0x16f03c00 JavaThread "AWT-Shutdown" [_thread_blocked, id=2328, stack(0x170d0000,0x17120000)]
  0x16b4f400 JavaThread "Java2D Disposer" daemon [_thread_blocked, id=3804, stack(0x17080000,0x170d0000)]
  0x16adfc00 JavaThread "Low Memory Detector" daemon [_thread_blocked, id=3468, stack(0x16d30000,0x16d80000)]
  0x16ad9800 JavaThread "CompilerThread0" daemon [_thread_blocked, id=2024, stack(0x16ce0000,0x16d30000)]
  0x16ad7c00 JavaThread "Attach Listener" daemon [_thread_blocked, id=2308, stack(0x16c90000,0x16ce0000)]
  0x16ad6800 JavaThread "Signal Dispatcher" daemon [_thread_blocked, id=3828, stack(0x16c40000,0x16c90000)]
  0x16ac7800 JavaThread "Finalizer" daemon [_thread_blocked, id=2400, stack(0x16bf0000,0x16c40000)]
  0x16ac2c00 JavaThread "Reference Handler" daemon [_thread_blocked, id=3016, stack(0x16ba0000,0x16bf0000)]

Other Threads:
  0x16ac0000 VMThread [stack: 0x16b50000,0x16ba0000] [id=568]
  0x16aea400 WatcherThread [stack: 0x16d80000,0x16dd0000] [id=2484]

VM state:not at safepoint (normal execution)

VM Mutex/Monitor currently owned by a thread: None

Heap
 def new generation   total 4864K, used 1111K [0x02b20000, 0x03060000, 0x07fc0000)
  eden space 4352K,  24% used [0x02b20000, 0x02c2dc80, 0x02f60000)
  from space 512K,   6% used [0x02fe0000, 0x02fe8280, 0x03060000)
  to   space 512K,   0% used [0x02f60000, 0x02f60000, 0x02fe0000)
 tenured generation   total 10880K, used 7149K [0x07fc0000, 0x08a60000, 0x12920000)
   the space 10880K,  65% used [0x07fc0000, 0x086bb4d0, 0x086bb600, 0x08a60000)
 compacting perm gen  total 12288K, used 10785K [0x12920000, 0x13520000, 0x16920000)
   the space 12288K,  87% used [0x12920000, 0x133a8598, 0x133a8600, 0x13520000)
No shared spaces configured.

Dynamic libraries:
0x00400000 - 0x00424000 	C:\Archivos de programa\Java\jre6\bin\javaw.exe
0x7c910000 - 0x7c9c8000 	C:\WINDOWS\system32\ntdll.dll
0x7c800000 - 0x7c903000 	C:\WINDOWS\system32\kernel32.dll
0x77da0000 - 0x77e4c000 	C:\WINDOWS\system32\ADVAPI32.dll
0x77e50000 - 0x77ee3000 	C:\WINDOWS\system32\RPCRT4.dll
0x77fc0000 - 0x77fd1000 	C:\WINDOWS\system32\Secur32.dll
0x7e390000 - 0x7e421000 	C:\WINDOWS\system32\USER32.dll
0x77ef0000 - 0x77f39000 	C:\WINDOWS\system32\GDI32.dll
0x76340000 - 0x7635d000 	C:\WINDOWS\system32\IMM32.DLL
0x7c340000 - 0x7c396000 	C:\Archivos de programa\Java\jre6\bin\msvcr71.dll
0x6d800000 - 0x6da97000 	C:\Archivos de programa\Java\jre6\bin\client\jvm.dll
0x76b00000 - 0x76b2e000 	C:\WINDOWS\system32\WINMM.dll
0x6d7b0000 - 0x6d7bc000 	C:\Archivos de programa\Java\jre6\bin\verify.dll
0x6d330000 - 0x6d34f000 	C:\Archivos de programa\Java\jre6\bin\java.dll
0x6d290000 - 0x6d298000 	C:\Archivos de programa\Java\jre6\bin\hpi.dll
0x76bb0000 - 0x76bbb000 	C:\WINDOWS\system32\PSAPI.DLL
0x6d7f0000 - 0x6d7ff000 	C:\Archivos de programa\Java\jre6\bin\zip.dll
0x6d000000 - 0x6d14a000 	C:\Archivos de programa\Java\jre6\bin\awt.dll
0x72f80000 - 0x72fa6000 	C:\WINDOWS\system32\WINSPOOL.DRV
0x77be0000 - 0x77c38000 	C:\WINDOWS\system32\msvcrt.dll
0x774b0000 - 0x775ee000 	C:\WINDOWS\system32\ole32.dll
0x773a0000 - 0x774a3000 	C:\WINDOWS\WinSxS\x86_Microsoft.Windows.Common-Controls_6595b64144ccf1df_6.0.2600.6028_x-ww_61e65202\COMCTL32.dll
0x77f40000 - 0x77fb6000 	C:\WINDOWS\system32\SHLWAPI.dll
0x5b150000 - 0x5b188000 	C:\WINDOWS\system32\uxtheme.dll
0x746b0000 - 0x746fc000 	C:\WINDOWS\system32\MSCTF.dll
0x75160000 - 0x7518e000 	C:\WINDOWS\system32\msctfime.ime
0x6d230000 - 0x6d284000 	C:\Archivos de programa\Java\jre6\bin\fontmanager.dll
0x7e6a0000 - 0x7eec1000 	C:\WINDOWS\system32\shell32.dll
0x6d610000 - 0x6d623000 	C:\Archivos de programa\Java\jre6\bin\net.dll
0x71a30000 - 0x71a47000 	C:\WINDOWS\system32\WS2_32.dll
0x71a20000 - 0x71a28000 	C:\WINDOWS\system32\WS2HELP.dll
0x6d630000 - 0x6d639000 	C:\Archivos de programa\Java\jre6\bin\nio.dll
0x719d0000 - 0x71a10000 	C:\WINDOWS\System32\mswsock.dll
0x76ee0000 - 0x76f07000 	C:\WINDOWS\system32\DNSAPI.dll
0x76d20000 - 0x76d39000 	C:\WINDOWS\system32\iphlpapi.dll
0x76f70000 - 0x76f78000 	C:\WINDOWS\System32\winrnr.dll
0x76f20000 - 0x76f4d000 	C:\WINDOWS\system32\WLDAP32.dll
0x76f80000 - 0x76f86000 	C:\WINDOWS\system32\rasadhlp.dll
0x597f0000 - 0x59845000 	C:\WINDOWS\system32\netapi32.dll
0x17a30000 - 0x17d06000 	C:\WINDOWS\system32\xpsp2res.dll
0x77b10000 - 0x77b32000 	C:\WINDOWS\system32\appHelp.dll
0x76f90000 - 0x7700f000 	C:\WINDOWS\system32\CLBCATQ.DLL
0x77010000 - 0x770e0000 	C:\WINDOWS\system32\COMRes.dll
0x770f0000 - 0x7717b000 	C:\WINDOWS\system32\OLEAUT32.dll
0x77bd0000 - 0x77bd8000 	C:\WINDOWS\system32\VERSION.dll
0x17930000 - 0x1798b000 	C:\Archivos de programa\Archivos comunes\Adobe\Acrobat\ActiveX\PDFShell.dll
0x78130000 - 0x781cb000 	C:\WINDOWS\WinSxS\x86_Microsoft.VC80.CRT_1fc8b3b9a1e18e3b_8.0.50727.6195_x-ww_44262b86\MSVCR80.dll
0x17990000 - 0x179dc000 	C:\Archivos de programa\Archivos comunes\Adobe\Acrobat\ActiveX\PDFShell.ESP
0x71aa0000 - 0x71ab2000 	C:\WINDOWS\system32\MPR.dll
0x75f10000 - 0x75f17000 	C:\WINDOWS\System32\drprov.dll
0x71bb0000 - 0x71bbe000 	C:\WINDOWS\System32\ntlanman.dll
0x71c70000 - 0x71c87000 	C:\WINDOWS\System32\NETUI0.dll
0x71c30000 - 0x71c70000 	C:\WINDOWS\System32\NETUI1.dll
0x71c20000 - 0x71c27000 	C:\WINDOWS\System32\NETRAP.dll
0x71b90000 - 0x71ba3000 	C:\WINDOWS\System32\SAMLIB.dll
0x75f20000 - 0x75f2a000 	C:\WINDOWS\System32\davclnt.dll
0x17d10000 - 0x17d47000 	c:\windows\system32\netprovcredman.dll
0x778f0000 - 0x779e7000 	C:\WINDOWS\system32\SETUPAPI.dll
0x17d50000 - 0x17fce000 	C:\WINDOWS\system32\wpdshext.dll
0x4eba0000 - 0x4ed4b000 	C:\WINDOWS\WinSxS\x86_Microsoft.Windows.GdiPlus_6595b64144ccf1df_1.0.6002.23084_x-ww_f3f35550\gdiplus.dll
0x18120000 - 0x18169000 	C:\WINDOWS\system32\PortableDeviceApi.dll
0x76bf0000 - 0x76c1e000 	C:\WINDOWS\system32\WINTRUST.dll
0x77a50000 - 0x77ae8000 	C:\WINDOWS\system32\CRYPT32.dll
0x77af0000 - 0x77b02000 	C:\WINDOWS\system32\MSASN1.dll
0x76c50000 - 0x76c79000 	C:\WINDOWS\system32\IMAGEHLP.dll
0x18270000 - 0x182b6000 	C:\WINDOWS\system32\Audiodev.dll
0x182c0000 - 0x1851d000 	C:\WINDOWS\system32\WMVCore.DLL
0x18520000 - 0x1855a000 	C:\WINDOWS\system32\WMASF.DLL
0x4eee0000 - 0x4ef73000 	C:\WINDOWS\system32\wiashext.dll
0x3fa00000 - 0x3fae7000 	C:\WINDOWS\system32\WININET.dll
0x18560000 - 0x18569000 	C:\WINDOWS\system32\Normaliz.dll
0x44430000 - 0x44564000 	C:\WINDOWS\system32\urlmon.dll
0x400a0000 - 0x4028c000 	C:\WINDOWS\system32\iertutil.dll
0x73b20000 - 0x73b34000 	C:\WINDOWS\System32\sti.dll
0x74a70000 - 0x74a77000 	C:\WINDOWS\System32\CFGMGR32.dll
0x76940000 - 0x76948000 	C:\WINDOWS\system32\LINKINFO.dll
0x76950000 - 0x76976000 	C:\WINDOWS\system32\ntshrui.dll
0x76ae0000 - 0x76af1000 	C:\WINDOWS\system32\ATL.DLL
0x76630000 - 0x766e5000 	C:\WINDOWS\system32\USERENV.dll
0x75dd0000 - 0x75e61000 	C:\WINDOWS\system32\MLANG.dll
0x6d370000 - 0x6d37d000 	C:\Archivos de programa\Java\jre6\bin\JdbcOdbc.dll
0x745e0000 - 0x7461d000 	C:\WINDOWS\system32\ODBC32.dll
0x76360000 - 0x763aa000 	C:\WINDOWS\system32\comdlg32.dll
0x1f840000 - 0x1f858000 	C:\WINDOWS\system32\odbcint.dll
0x612d0000 - 0x612eb000 	C:\WINDOWS\system32\odbccp32.dll
0x195e0000 - 0x1961a000 	C:\WINDOWS\System32\msjtes40.dll
0x19a20000 - 0x19a2b000 	C:\WINDOWS\system32\VBAJET32.DLL
0x19e40000 - 0x19ea2000 	C:\WINDOWS\system32\expsrv.dll

VM Arguments:
java_command: C:\Documents and Settings\Administrador\Escritorio\NW_FVA\Vis\Vis2006\dist\Vis2006.jar
Launcher Type: SUN_STANDARD

Environment Variables:
PATH=C:\Ruby187\bin;C:\WINDOWS\system32;C:\WINDOWS;C:\WINDOWS\System32\Wbem;c:\Archivos de programa\Microsoft SQL Server\90\Tools\binn\;C:\WINDOWS\system32\WindowsPowerShell\v1.0;c:\Archivos de programa\Microsoft SQL Server\100\Tools\Binn\;c:\Archivos de programa\Microsoft SQL Server\100\DTS\Binn\;c:\Archivos de programa\Microsoft SQL Server\100\Tools\Binn\VSShell\Common7\IDE\;C:\AppServ\Apache2.2\bin;C:\AppServ\php5;C:\AppServ\MySQL\bin
USERNAME=Administrador
OS=Windows_NT
PROCESSOR_IDENTIFIER=x86 Family 6 Model 14 Stepping 8, GenuineIntel



---------------  S Y S T E M  ---------------

OS: Windows XP Build 2600 Service Pack 3

CPU:total 2 (2 cores per cpu, 1 threads per core) family 6 model 14 stepping 8, cmov, cx8, fxsr, mmx, sse, sse2, sse3

Memory: 4k page, physical 1038712k(154552k free), swap 2499576k(883068k free)

vm_info: Java HotSpot(TM) Client VM (16.3-b01) for windows-x86 JRE (1.6.0_20-b02), built on Apr 12 2010 13:52:23 by "java_re" with MS VC++ 7.1 (VS2003)

time: Wed Oct 15 12:17:39 2014
elapsed time: 910 seconds

